Thu Oct 30 03:34:29 UTC 2025 - Executing "python3 /openLANE_flow/scripts/extract_metal_layers.py -t /home/vsduser/Desktop/work/tools/openlane_working_dir/pdks/sky130A/libs.ref/sky130_fd_sc_hd/techlef/sky130_fd_sc_hd.tlef -o /openLANE_flow/designs/picorv32a/runs/30-10_03-34/tmp/met_layers_list.txt"

Thu Oct 30 03:34:30 UTC 2025 - Executing "/openLANE_flow/scripts/mergeLef.py -i /home/vsduser/Desktop/work/tools/openlane_working_dir/pdks/sky130A/libs.ref/sky130_fd_sc_hd/techlef/sky130_fd_sc_hd.tlef {/home/vsduser/Desktop/work/tools/openlane_working_dir/pdks/sky130A/libs.ref/sky130_fd_sc_hd/lef/sky130_fd_sc_hd.lef /home/vsduser/Desktop/work/tools/openlane_working_dir/pdks/sky130A/libs.ref/sky130_fd_sc_hd/lef/sky130_ef_sc_hd__fill_12.lef /home/vsduser/Desktop/work/tools/openlane_working_dir/pdks/sky130A/libs.ref/sky130_fd_sc_hd/lef/sky130_ef_sc_hd__decap_12.lef /home/vsduser/Desktop/work/tools/openlane_working_dir/pdks/sky130A/libs.ref/sky130_fd_sc_hd/lef/sky130_ef_sc_hd__fakediode_2.lef} -o /openLANE_flow/designs/picorv32a/runs/30-10_03-34/tmp/merged_unpadded.lef |& tee >&@stdout"

Thu Oct 30 03:34:30 UTC 2025 - Executing "/openLANE_flow/scripts/mergeLef.py -i /openLANE_flow/designs/picorv32a/runs/30-10_03-34/tmp/merged_unpadded.lef /openLANE_flow/designs/picorv32a/src/sky130_vsdinv.lef -o /openLANE_flow/designs/picorv32a/runs/30-10_03-34/tmp/merged_unpadded.lef |& tee >&@stdout"

Thu Oct 30 03:34:30 UTC 2025 - Executing "/openLANE_flow/scripts/libtrim.pl /openLANE_flow/designs/picorv32a/src/sky130_fd_sc_hd__typical.lib /openLANE_flow/designs/picorv32a/runs/30-10_03-34/tmp/trimmed.lib.exclude.list > /openLANE_flow/designs/picorv32a/runs/30-10_03-34/tmp/trimmed.lib"

Thu Oct 30 03:34:30 UTC 2025 - Executing "echo {openlane v0.21} > /openLANE_flow/designs/picorv32a/runs/30-10_03-34/OPENLANE_VERSION"

Thu Oct 30 03:34:57 UTC 2025 - Executing "/openLANE_flow/scripts/mergeLef.py -i /openLANE_flow/designs/picorv32a/runs/30-10_03-34/tmp/merged.lef /openLANE_flow/designs/picorv32a/src/sky130_vsdinv.lef -o /openLANE_flow/designs/picorv32a/runs/30-10_03-34/tmp/merged.lef.new"

Thu Oct 30 03:34:57 UTC 2025 - Executing "/openLANE_flow/scripts/mergeLef.py -i /openLANE_flow/designs/picorv32a/runs/30-10_03-34/tmp/merged_unpadded.lef /openLANE_flow/designs/picorv32a/src/sky130_vsdinv.lef -o /openLANE_flow/designs/picorv32a/runs/30-10_03-34/tmp/merged_unpadded.lef.new"

Thu Oct 30 03:34:57 UTC 2025 - Executing "mv /openLANE_flow/designs/picorv32a/runs/30-10_03-34/tmp/merged.lef.new /openLANE_flow/designs/picorv32a/runs/30-10_03-34/tmp/merged.lef"

Thu Oct 30 03:34:57 UTC 2025 - Executing "mv /openLANE_flow/designs/picorv32a/runs/30-10_03-34/tmp/merged_unpadded.lef.new /openLANE_flow/designs/picorv32a/runs/30-10_03-34/tmp/merged_unpadded.lef"

Thu Oct 30 03:35:16 UTC 2025 - Executing "sed -E {s/^([[:space:]]+)pg_pin(.*)/\1pin\2\n\1    direction : "inout";/g} /openLANE_flow/designs/picorv32a/src/sky130_fd_sc_hd__typical.lib > /openLANE_flow/designs/picorv32a/runs/30-10_03-34/tmp/sky130_fd_sc_hd__typical.no_pg.lib"

Thu Oct 30 03:35:16 UTC 2025 - Executing "yosys -c /openLANE_flow/scripts/synth.tcl -l /openLANE_flow/designs/picorv32a/runs/30-10_03-34/logs/synthesis/1-yosys.log |& tee >&@stdout"

Thu Oct 30 03:36:16 UTC 2025 - Executing "sed -i -e {s/\(set ::env(CURRENT_NETLIST)\).*/\1 \/openLANE_flow\/designs\/picorv32a\/runs\/30-10_03-34\/results\/synthesis\/picorv32a.synthesis.v/} /openLANE_flow/designs/picorv32a/runs/30-10_03-34/config.tcl"

Thu Oct 30 03:36:16 UTC 2025 - Executing "sed -i -e {s/\(set ::env(PREV_NETLIST)\).*/\1 0/} /openLANE_flow/designs/picorv32a/runs/30-10_03-34/config.tcl"

Thu Oct 30 03:36:16 UTC 2025 - Executing "sed -i /defparam/d /openLANE_flow/designs/picorv32a/runs/30-10_03-34/results/synthesis/picorv32a.synthesis.v"

Thu Oct 30 03:36:17 UTC 2025 - Executing "sta /openLANE_flow/scripts/sta.tcl |& tee >&@stdout /openLANE_flow/designs/picorv32a/runs/30-10_03-34/logs/synthesis/2-opensta"

Thu Oct 30 03:36:48 UTC 2025 - Executing "openroad -exit /openLANE_flow/scripts/openroad/or_floorplan.tcl |& tee >&@stdout /openLANE_flow/designs/picorv32a/runs/30-10_03-34/logs/floorplan/3-verilog2def.openroad.log"

Thu Oct 30 03:38:21 UTC 2025 - Executing "openroad -exit /openLANE_flow/scripts/openroad/or_ioplacer.tcl |& tee >&@stdout /openLANE_flow/designs/picorv32a/runs/30-10_03-34/logs/floorplan/4-ioPlacer.log"

Thu Oct 30 03:38:33 UTC 2025 - Executing "openroad -exit /openLANE_flow/scripts/openroad/or_tapcell.tcl |& tee >&@stdout /openLANE_flow/designs/picorv32a/runs/30-10_03-34/logs/floorplan/5-tapcell.log"

Thu Oct 30 03:38:56 UTC 2025 - Executing "openroad -exit /openLANE_flow/scripts/openroad/or_replace.tcl |& tee >&@stdout /openLANE_flow/designs/picorv32a/runs/30-10_03-34/logs/placement/6-replace.log"

Thu Oct 30 03:39:13 UTC 2025 - Executing "openroad -exit /openLANE_flow/scripts/openroad/or_resizer.tcl |& tee >&@stdout /openLANE_flow/designs/picorv32a/runs/30-10_03-34/logs/placement/6-resizer.log"

Thu Oct 30 03:39:29 UTC 2025 - Executing "openroad -exit /openLANE_flow/scripts/openroad/or_write_verilog.tcl |& tee >&@stdout /openLANE_flow/designs/picorv32a/runs/30-10_03-34/logs/7-write_verilog.log"

Thu Oct 30 03:39:31 UTC 2025 - Executing "sed -i -e {s/\(set ::env(CURRENT_NETLIST)\).*/\1 \/openLANE_flow\/designs\/picorv32a\/runs\/30-10_03-34\/results\/synthesis\/picorv32a.synthesis_optimized.v/} /openLANE_flow/designs/picorv32a/runs/30-10_03-34/config.tcl"

Thu Oct 30 03:39:31 UTC 2025 - Executing "sed -i -e {s/\(set ::env(PREV_NETLIST)\).*/\1 \/openLANE_flow\/designs\/picorv32a\/runs\/30-10_03-34\/results\/synthesis\/picorv32a.synthesis.v/} /openLANE_flow/designs/picorv32a/runs/30-10_03-34/config.tcl"

Thu Oct 30 03:39:32 UTC 2025 - Executing "sta /openLANE_flow/scripts/sta.tcl |& tee >&@stdout /openLANE_flow/designs/picorv32a/runs/30-10_03-34/logs/synthesis/8-opensta_post_resizer"

Thu Oct 30 03:39:33 UTC 2025 - Executing "openroad -exit /openLANE_flow/scripts/openroad/or_opendp.tcl |& tee >&@stdout /openLANE_flow/designs/picorv32a/runs/30-10_03-34/logs/placement/9-opendp.log"

Thu Oct 30 03:39:35 UTC 2025 - Executing "bash /openLANE_flow/scripts/klayout/scrotLayout.sh /home/vsduser/Desktop/work/tools/openlane_working_dir/pdks/sky130A/libs.tech/klayout/sky130A.lyt /openLANE_flow/designs/picorv32a/runs/30-10_03-34/results/placement/picorv32a.placement.def |& tee >&@stdout /openLANE_flow/designs/picorv32a/runs/30-10_03-34/logs/klayout/10-klayout.scrot.log"

Thu Oct 30 03:40:44 UTC 2025 - Executing "/openLANE_flow/scripts/libtrim.pl /openLANE_flow/designs/picorv32a/src/sky130_fd_sc_hd__typical.lib /openLANE_flow/designs/picorv32a/runs/30-10_03-34/tmp/cts.lib.exclude.list > /openLANE_flow/designs/picorv32a/runs/30-10_03-34/tmp/cts.lib"

Thu Oct 30 03:40:45 UTC 2025 - Executing "openroad -exit /openLANE_flow/scripts/openroad/or_cts.tcl |& tee >&@stdout /openLANE_flow/designs/picorv32a/runs/30-10_03-34/logs/cts/11-cts.log"

Thu Oct 30 03:42:10 UTC 2025 - Executing "openroad -exit /openLANE_flow/scripts/openroad/or_write_verilog.tcl |& tee >&@stdout /openLANE_flow/designs/picorv32a/runs/30-10_03-34/logs/12-write_verilog.log"

Thu Oct 30 03:42:11 UTC 2025 - Executing "sed -i -e {s/\(set ::env(CURRENT_NETLIST)\).*/\1 \/openLANE_flow\/designs\/picorv32a\/runs\/30-10_03-34\/results\/synthesis\/picorv32a.synthesis_cts.v/} /openLANE_flow/designs/picorv32a/runs/30-10_03-34/config.tcl"

Thu Oct 30 03:42:11 UTC 2025 - Executing "sed -i -e {s/\(set ::env(PREV_NETLIST)\).*/\1 \/openLANE_flow\/designs\/picorv32a\/runs\/30-10_03-34\/results\/synthesis\/picorv32a.synthesis_optimized.v/} /openLANE_flow/designs/picorv32a/runs/30-10_03-34/config.tcl"

Thu Oct 30 03:42:11 UTC 2025 - Executing "bash /openLANE_flow/scripts/klayout/scrotLayout.sh /home/vsduser/Desktop/work/tools/openlane_working_dir/pdks/sky130A/libs.tech/klayout/sky130A.lyt /openLANE_flow/designs/picorv32a/runs/30-10_03-34/results/cts/picorv32a.cts.def |& tee >&@stdout /openLANE_flow/designs/picorv32a/runs/30-10_03-34/logs/klayout/13-klayout.scrot.log"

Thu Oct 30 03:42:45 UTC 2025 - Executing "openroad -exit /openLANE_flow/scripts/openroad/or_pdn.tcl |& tee >&@stdout /openLANE_flow/designs/picorv32a/runs/30-10_03-34/logs/floorplan/14-pdn.log"

Thu Oct 30 03:57:02 UTC 2025 - Executing "openroad -exit /openLANE_flow/scripts/openroad/or_groute.tcl |& tee >&@stdout /openLANE_flow/designs/picorv32a/runs/30-10_03-34/logs/routing/15-fastroute.log"

Thu Oct 30 03:57:22 UTC 2025 - Executing "openroad -exit /openLANE_flow/scripts/openroad/or_fill.tcl |& tee >&@stdout /openLANE_flow/designs/picorv32a/runs/30-10_03-34/logs/routing/16-addspacers.log"

Thu Oct 30 03:57:24 UTC 2025 - Executing "openroad -exit /openLANE_flow/scripts/openroad/or_write_verilog.tcl |& tee >&@stdout /openLANE_flow/designs/picorv32a/runs/30-10_03-34/logs/17-write_verilog.log"

Thu Oct 30 03:57:27 UTC 2025 - Executing "sed -i -e {s/\(set ::env(CURRENT_NETLIST)\).*/\1 \/openLANE_flow\/designs\/picorv32a\/runs\/30-10_03-34\/results\/synthesis\/picorv32a.synthesis_preroute.v/} /openLANE_flow/designs/picorv32a/runs/30-10_03-34/config.tcl"

Thu Oct 30 03:57:27 UTC 2025 - Executing "sed -i -e {s/\(set ::env(PREV_NETLIST)\).*/\1 \/openLANE_flow\/designs\/picorv32a\/runs\/30-10_03-34\/results\/synthesis\/picorv32a.synthesis_cts.v/} /openLANE_flow/designs/picorv32a/runs/30-10_03-34/config.tcl"

Thu Oct 30 03:57:27 UTC 2025 - Executing "envsubst < /openLANE_flow/scripts/tritonRoute.param > /openLANE_flow/designs/picorv32a/runs/30-10_03-34/tmp/routing/18-tritonRoute.param"

Thu Oct 30 03:57:27 UTC 2025 - Executing "TritonRoute /openLANE_flow/designs/picorv32a/runs/30-10_03-34/tmp/routing/18-tritonRoute.param |& tee >&@stdout /openLANE_flow/designs/picorv32a/runs/30-10_03-34/logs/routing/18-tritonRoute.log"

Thu Oct 30 04:14:04 UTC 2025 - Executing "python3 /openLANE_flow/scripts/tr2klayout.py -i /openLANE_flow/designs/picorv32a/runs/30-10_03-34/reports/routing/18-tritonRoute.drc -o /openLANE_flow/designs/picorv32a/runs/30-10_03-34/reports/routing/18-tritonRoute.klayout.xml --design-name picorv32a"

Thu Oct 30 04:14:04 UTC 2025 - Executing "bash /openLANE_flow/scripts/klayout/scrotLayout.sh /home/vsduser/Desktop/work/tools/openlane_working_dir/pdks/sky130A/libs.tech/klayout/sky130A.lyt /openLANE_flow/designs/picorv32a/runs/30-10_03-34/results/routing/picorv32a.def |& tee >&@stdout /openLANE_flow/designs/picorv32a/runs/30-10_03-34/logs/klayout/19-klayout.scrot.log"

Thu Oct 30 04:14:15 UTC 2025 - Executing "python3 /openLANE_flow/scripts/spef_extractor/main.py -l /openLANE_flow/designs/picorv32a/runs/30-10_03-34/tmp/merged_unpadded.lef -d /openLANE_flow/designs/picorv32a/runs/30-10_03-34/results/routing/picorv32a.def -mw L -ec 1 |& tee >&@stdout /openLANE_flow/designs/picorv32a/runs/30-10_03-34/logs/routing/20-spef_extraction.log"

Thu Oct 30 04:14:31 UTC 2025 - Executing "sta /openLANE_flow/scripts/sta.tcl |& tee >&@stdout /openLANE_flow/designs/picorv32a/runs/30-10_03-34/logs/synthesis/21-opensta_spef"

