Wed Oct 29 05:55:54 UTC 2025 - Executing "python3 /openLANE_flow/scripts/extract_metal_layers.py -t /home/vsduser/Desktop/work/tools/openlane_working_dir/pdks/sky130A/libs.ref/sky130_fd_sc_hd/techlef/sky130_fd_sc_hd.tlef -o /openLANE_flow/designs/picorv32a/runs/28-10_03-59/tmp/met_layers_list.txt"

Wed Oct 29 05:55:54 UTC 2025 - Executing "/openLANE_flow/scripts/mergeLef.py -i /home/vsduser/Desktop/work/tools/openlane_working_dir/pdks/sky130A/libs.ref/sky130_fd_sc_hd/techlef/sky130_fd_sc_hd.tlef {/home/vsduser/Desktop/work/tools/openlane_working_dir/pdks/sky130A/libs.ref/sky130_fd_sc_hd/lef/sky130_fd_sc_hd.lef /home/vsduser/Desktop/work/tools/openlane_working_dir/pdks/sky130A/libs.ref/sky130_fd_sc_hd/lef/sky130_ef_sc_hd__fill_12.lef /home/vsduser/Desktop/work/tools/openlane_working_dir/pdks/sky130A/libs.ref/sky130_fd_sc_hd/lef/sky130_ef_sc_hd__decap_12.lef /home/vsduser/Desktop/work/tools/openlane_working_dir/pdks/sky130A/libs.ref/sky130_fd_sc_hd/lef/sky130_ef_sc_hd__fakediode_2.lef} -o /openLANE_flow/designs/picorv32a/runs/28-10_03-59/tmp/merged_unpadded.lef |& tee >&@stdout"

Wed Oct 29 05:55:54 UTC 2025 - Executing "/openLANE_flow/scripts/mergeLef.py -i /openLANE_flow/designs/picorv32a/runs/28-10_03-59/tmp/merged_unpadded.lef /openLANE_flow/designs/picorv32a/src/sky130_vsdinv.lef -o /openLANE_flow/designs/picorv32a/runs/28-10_03-59/tmp/merged_unpadded.lef |& tee >&@stdout"

Wed Oct 29 05:55:54 UTC 2025 - Executing "/openLANE_flow/scripts/libtrim.pl /openLANE_flow/designs/picorv32a/src/sky130_fd_sc_hd__typical.lib /openLANE_flow/designs/picorv32a/runs/28-10_03-59/tmp/trimmed.lib.exclude.list > /openLANE_flow/designs/picorv32a/runs/28-10_03-59/tmp/trimmed.lib"

Wed Oct 29 05:55:55 UTC 2025 - Executing "echo {openlane v0.21} > /openLANE_flow/designs/picorv32a/runs/28-10_03-59/OPENLANE_VERSION"

Wed Oct 29 05:59:13 UTC 2025 - Executing "/openLANE_flow/scripts/mergeLef.py -i /openLANE_flow/designs/picorv32a/runs/28-10_03-59/tmp/merged.lef /openLANE_flow/designs/picorv32a/src/sky130_vsdinv.lef -o /openLANE_flow/designs/picorv32a/runs/28-10_03-59/tmp/merged.lef.new"

Wed Oct 29 05:59:13 UTC 2025 - Executing "/openLANE_flow/scripts/mergeLef.py -i /openLANE_flow/designs/picorv32a/runs/28-10_03-59/tmp/merged_unpadded.lef /openLANE_flow/designs/picorv32a/src/sky130_vsdinv.lef -o /openLANE_flow/designs/picorv32a/runs/28-10_03-59/tmp/merged_unpadded.lef.new"

Wed Oct 29 05:59:13 UTC 2025 - Executing "mv /openLANE_flow/designs/picorv32a/runs/28-10_03-59/tmp/merged.lef.new /openLANE_flow/designs/picorv32a/runs/28-10_03-59/tmp/merged.lef"

Wed Oct 29 05:59:13 UTC 2025 - Executing "mv /openLANE_flow/designs/picorv32a/runs/28-10_03-59/tmp/merged_unpadded.lef.new /openLANE_flow/designs/picorv32a/runs/28-10_03-59/tmp/merged_unpadded.lef"

Wed Oct 29 05:59:19 UTC 2025 - Executing "sed -E {s/^([[:space:]]+)pg_pin(.*)/\1pin\2\n\1    direction : "inout";/g} /openLANE_flow/designs/picorv32a/src/sky130_fd_sc_hd__typical.lib > /openLANE_flow/designs/picorv32a/runs/28-10_03-59/tmp/sky130_fd_sc_hd__typical.no_pg.lib"

Wed Oct 29 05:59:19 UTC 2025 - Executing "yosys -c /openLANE_flow/scripts/synth.tcl -l /openLANE_flow/designs/picorv32a/runs/28-10_03-59/logs/synthesis/1-yosys.log |& tee >&@stdout"

Wed Oct 29 06:00:17 UTC 2025 - Executing "sed -i -e {s/\(set ::env(CURRENT_NETLIST)\).*/\1 \/openLANE_flow\/designs\/picorv32a\/runs\/28-10_03-59\/results\/synthesis\/picorv32a.synthesis.v/} /openLANE_flow/designs/picorv32a/runs/28-10_03-59/config.tcl"

Wed Oct 29 06:00:17 UTC 2025 - Executing "sed -i -e {s/\(set ::env(PREV_NETLIST)\).*/\1 0/} /openLANE_flow/designs/picorv32a/runs/28-10_03-59/config.tcl"

Wed Oct 29 06:00:17 UTC 2025 - Executing "sed -i /defparam/d /openLANE_flow/designs/picorv32a/runs/28-10_03-59/results/synthesis/picorv32a.synthesis.v"

Wed Oct 29 06:00:18 UTC 2025 - Executing "sta /openLANE_flow/scripts/sta.tcl |& tee >&@stdout /openLANE_flow/designs/picorv32a/runs/28-10_03-59/logs/synthesis/2-opensta"

Wed Oct 29 06:06:00 UTC 2025 - Executing "openroad -exit /openLANE_flow/scripts/openroad/or_floorplan.tcl |& tee >&@stdout /openLANE_flow/designs/picorv32a/runs/28-10_03-59/logs/floorplan/3-verilog2def.openroad.log"

Wed Oct 29 06:06:03 UTC 2025 - Executing "openroad -exit /openLANE_flow/scripts/openroad/or_ioplacer.tcl |& tee >&@stdout /openLANE_flow/designs/picorv32a/runs/28-10_03-59/logs/floorplan/4-ioPlacer.log"

Wed Oct 29 06:06:05 UTC 2025 - Executing "openroad -exit /openLANE_flow/scripts/openroad/or_replace.tcl |& tee >&@stdout /openLANE_flow/designs/picorv32a/runs/28-10_03-59/logs/placement/5-replace.log"

Wed Oct 29 06:06:24 UTC 2025 - Executing "openroad -exit /openLANE_flow/scripts/openroad/or_basic_mp.tcl |& tee >&@stdout /openLANE_flow/designs/picorv32a/runs/28-10_03-59/logs/placement/6-basic_mp.log"

Wed Oct 29 06:06:27 UTC 2025 - Executing "python3 /openLANE_flow/report_generation_wrapper.py -d /openLANE_flow/designs/picorv32a -dn picorv32a -t 28-10_03-59 -o /openLANE_flow/designs/picorv32a/runs/28-10_03-59/reports/final_summary_report.csv -m /openLANE_flow/designs/picorv32a/runs/28-10_03-59/reports/manufacturability_report.rpt -rs /openLANE_flow/designs/picorv32a/runs/28-10_03-59/reports/runtime_summary_report.rpt -r /openLANE_flow/designs/picorv32a/runs/28-10_03-59"

Wed Oct 29 06:11:37 UTC 2025 - Executing "openroad -exit /openLANE_flow/scripts/openroad/or_floorplan.tcl |& tee >&@stdout /openLANE_flow/designs/picorv32a/runs/28-10_03-59/logs/floorplan/7-verilog2def.openroad.log"

Wed Oct 29 06:11:48 UTC 2025 - Executing "openroad -exit /openLANE_flow/scripts/openroad/or_ioplacer.tcl |& tee >&@stdout /openLANE_flow/designs/picorv32a/runs/28-10_03-59/logs/floorplan/8-ioPlacer.log"

Wed Oct 29 06:11:58 UTC 2025 - Executing "openroad -exit /openLANE_flow/scripts/openroad/or_tapcell.tcl |& tee >&@stdout /openLANE_flow/designs/picorv32a/runs/28-10_03-59/logs/floorplan/9-tapcell.log"

Wed Oct 29 06:12:57 UTC 2025 - Executing "openroad -exit /openLANE_flow/scripts/openroad/or_replace.tcl |& tee >&@stdout /openLANE_flow/designs/picorv32a/runs/28-10_03-59/logs/placement/10-replace.log"

Wed Oct 29 06:13:17 UTC 2025 - Executing "openroad -exit /openLANE_flow/scripts/openroad/or_resizer.tcl |& tee >&@stdout /openLANE_flow/designs/picorv32a/runs/28-10_03-59/logs/placement/10-resizer.log"

Wed Oct 29 06:13:34 UTC 2025 - Executing "openroad -exit /openLANE_flow/scripts/openroad/or_write_verilog.tcl |& tee >&@stdout /openLANE_flow/designs/picorv32a/runs/28-10_03-59/logs/11-write_verilog.log"

Wed Oct 29 06:13:36 UTC 2025 - Executing "sed -i -e {s/\(set ::env(CURRENT_NETLIST)\).*/\1 \/openLANE_flow\/designs\/picorv32a\/runs\/28-10_03-59\/results\/synthesis\/picorv32a.synthesis_optimized.v/} /openLANE_flow/designs/picorv32a/runs/28-10_03-59/config.tcl"

Wed Oct 29 06:13:36 UTC 2025 - Executing "sed -i -e {s/\(set ::env(PREV_NETLIST)\).*/\1 \/openLANE_flow\/designs\/picorv32a\/runs\/28-10_03-59\/results\/synthesis\/picorv32a.synthesis.v/} /openLANE_flow/designs/picorv32a/runs/28-10_03-59/config.tcl"

Wed Oct 29 06:13:36 UTC 2025 - Executing "sta /openLANE_flow/scripts/sta.tcl |& tee >&@stdout /openLANE_flow/designs/picorv32a/runs/28-10_03-59/logs/synthesis/12-opensta_post_resizer"

Wed Oct 29 06:13:38 UTC 2025 - Executing "openroad -exit /openLANE_flow/scripts/openroad/or_opendp.tcl |& tee >&@stdout /openLANE_flow/designs/picorv32a/runs/28-10_03-59/logs/placement/13-opendp.log"

Wed Oct 29 06:13:41 UTC 2025 - Executing "bash /openLANE_flow/scripts/klayout/scrotLayout.sh /home/vsduser/Desktop/work/tools/openlane_working_dir/pdks/sky130A/libs.tech/klayout/sky130A.lyt /openLANE_flow/designs/picorv32a/runs/28-10_03-59/results/placement/picorv32a.placement.def |& tee >&@stdout /openLANE_flow/designs/picorv32a/runs/28-10_03-59/logs/klayout/14-klayout.scrot.log"

