[INFO]: Current run directory is /openLANE_flow/designs/picorv32a/runs/29-10_09-04
[INFO]: Preparing LEF Files
[INFO]: Extracting the number of available metal layers from /home/vsduser/Desktop/work/tools/openlane_working_dir/pdks/sky130A/libs.ref/sky130_fd_sc_hd/techlef/sky130_fd_sc_hd.tlef
[INFO]: The number of available metal layers is 6
[INFO]: The available metal layers are li1 met1 met2 met3 met4 met5
[INFO]: Merging LEF Files...
[INFO]: Merging the following extra LEFs: /openLANE_flow/designs/picorv32a/src/sky130_vsdinv.lef
[INFO]: Trimming Liberty...
[INFO]: Generating Exclude List...
[INFO]: Storing configs into config.tcl ...
[INFO]: Preparation complete
[INFO]: Merging /openLANE_flow/designs/picorv32a/src/sky130_vsdinv.lef
[INFO]: Running Synthesis...
[INFO]: current step index: 3
[INFO]: Changing netlist from /openLANE_flow/designs/picorv32a/runs/29-10_09-04/results/synthesis/picorv32a.synthesis.v to /openLANE_flow/designs/picorv32a/runs/29-10_09-04/results/synthesis/picorv32a.synthesis.v
[INFO]: Running Static Timing Analysis...
[INFO]: current step index: 4
[INFO]: Synthesis was successful
[INFO]: Running Floorplanning...
[INFO]: Running Initial Floorplanning...
[INFO]: current step index: 5
[INFO]: Core area width: 660.5600000000001
[INFO]: Core area height: 658.24
[INFO]: Changing layout from 0 to /openLANE_flow/designs/picorv32a/runs/29-10_09-04/tmp/floorplan/5-verilog2def_openroad.def
[INFO]: Running IO Placement...
[INFO]: current step index: 6
[INFO]: Changing layout from /openLANE_flow/designs/picorv32a/runs/29-10_09-04/tmp/floorplan/5-verilog2def_openroad.def to /openLANE_flow/designs/picorv32a/runs/29-10_09-04/tmp/floorplan/6-ioPlacer.def
[INFO]: Running Global Placement...
[INFO]: current step index: 7
[INFO]: Global placement was successful
[INFO]: Changing layout from /openLANE_flow/designs/picorv32a/runs/29-10_09-04/tmp/floorplan/6-ioPlacer.def to /openLANE_flow/designs/picorv32a/runs/29-10_09-04/tmp/placement/7-replace.def
[INFO]: Running Basic Macro Placement
[INFO]: current step index: 8
[ERROR]: during executing: "openroad -exit /openLANE_flow/scripts/openroad/or_basic_mp.tcl |& tee >&@stdout /openLANE_flow/designs/picorv32a/runs/29-10_09-04/logs/placement/8-basic_mp.log"
[ERROR]: Exit code: 1
[ERROR]: Last 10 lines:
child process exited abnormally

[ERROR]: Please check openroad  log file
[ERROR]: Dumping to /openLANE_flow/designs/picorv32a/runs/29-10_09-04/error.log
[INFO]: Calculating Runtime From the Start...
[INFO]: Flow failed for picorv32a/29-10_09-23 in 2h9m28s
[INFO]: Generating Final Summary Report...
[INFO]: Design Name: picorv32a
Run Directory: /openLANE_flow/designs/picorv32a/runs/29-10_09-04
Source not found.
----------------------------------------

LVS Summary:
Source: /openLANE_flow/designs/picorv32a/runs/29-10_09-04/results/lvs/picorv32a.lvs_parsed.gds.log
Source not found.
----------------------------------------

Antenna Summary:
No antenna report found.
[INFO]: check full report here: /openLANE_flow/designs/picorv32a/runs/29-10_09-04/reports/final_summary_report.csv
[ERROR]: Flow Failed.
[INFO]: Running Initial Floorplanning...
[INFO]: current step index: 9
[INFO]: Core area width: 660.5600000000001
[INFO]: Core area height: 658.24
[INFO]: Changing layout from /openLANE_flow/designs/picorv32a/runs/29-10_09-04/tmp/placement/7-replace.def to /openLANE_flow/designs/picorv32a/runs/29-10_09-04/tmp/floorplan/9-verilog2def_openroad.def
[INFO]: Running IO Placement...
[INFO]: current step index: 10
[INFO]: Changing layout from /openLANE_flow/designs/picorv32a/runs/29-10_09-04/tmp/floorplan/9-verilog2def_openroad.def to /openLANE_flow/designs/picorv32a/runs/29-10_09-04/tmp/floorplan/10-ioPlacer.def
[INFO]: Running Tap/Decap Insertion...
[INFO]: current step index: 11
[INFO]: Changing layout from /openLANE_flow/designs/picorv32a/runs/29-10_09-04/tmp/floorplan/10-ioPlacer.def to /openLANE_flow/designs/picorv32a/runs/29-10_09-04/results/floorplan/picorv32a.floorplan.def
[INFO]: Running Placement...
[INFO]: Running Global Placement...
[INFO]: current step index: 12
[INFO]: Global placement was successful
[INFO]: Changing layout from /openLANE_flow/designs/picorv32a/runs/29-10_09-04/results/floorplan/picorv32a.floorplan.def to /openLANE_flow/designs/picorv32a/runs/29-10_09-04/tmp/placement/12-replace.def
[INFO]: Skipping OpenPhySyn Timing Optimizations.
[INFO]: Running Resizer Design Optimizations...
[INFO]: Generating Exclude List...
[INFO]: Creating ::env(DONT_USE_CELLS)...
[INFO]: Changing layout from /openLANE_flow/designs/picorv32a/runs/29-10_09-04/tmp/placement/12-replace.def to /openLANE_flow/designs/picorv32a/runs/29-10_09-04/tmp/placement/12-resizer.def
[INFO]: Writing Verilog...
[INFO]: current step index: 13
[INFO]: Changing netlist from /openLANE_flow/designs/picorv32a/runs/29-10_09-04/results/synthesis/picorv32a.synthesis.v to /openLANE_flow/designs/picorv32a/runs/29-10_09-04/results/synthesis/picorv32a.synthesis_optimized.v
[INFO]: Running Static Timing Analysis...
[INFO]: current step index: 14
[INFO]: Running Detailed Placement...
[INFO]: current step index: 15
[INFO]: Changing layout from /openLANE_flow/designs/picorv32a/runs/29-10_09-04/tmp/placement/12-resizer.def to /openLANE_flow/designs/picorv32a/runs/29-10_09-04/results/placement/picorv32a.placement.def
[INFO]: Changing layout from /openLANE_flow/designs/picorv32a/runs/29-10_09-04/results/placement/picorv32a.placement.def to /openLANE_flow/designs/picorv32a/runs/29-10_09-04/results/placement/picorv32a.placement.def
[INFO]: Taking a Screenshot of the Layout Using Klayout...
[INFO]: current step index: 16
[INFO]: Screenshot taken.
[INFO]: Running TritonCTS...
[INFO]: current step index: 17
[INFO]: Trimming Liberty...
[INFO]: Generating Exclude List...
[INFO]: Clock Tree Synthesis was successful
[INFO]: Changing layout from /openLANE_flow/designs/picorv32a/runs/29-10_09-04/results/placement/picorv32a.placement.def to /openLANE_flow/designs/picorv32a/runs/29-10_09-04/results/cts/picorv32a.cts.def
[INFO]: Writing Verilog...
[INFO]: current step index: 18
[INFO]: Changing netlist from /openLANE_flow/designs/picorv32a/runs/29-10_09-04/results/synthesis/picorv32a.synthesis_optimized.v to /openLANE_flow/designs/picorv32a/runs/29-10_09-04/results/synthesis/picorv32a.synthesis_cts.v
[INFO]: Taking a Screenshot of the Layout Using Klayout...
[INFO]: current step index: 19
[INFO]: Screenshot taken.
[INFO]: Running TritonCTS...
[INFO]: current step index: 20
[ERROR]: during executing: "openroad -exit /openLANE_flow/scripts/openroad/or_cts.tcl |& tee >&@stdout /openLANE_flow/designs/picorv32a/runs/29-10_09-04/logs/cts/20-cts.log"
[ERROR]: Exit code: 1
[ERROR]: Last 10 lines:
child process exited abnormally

[ERROR]: Please check openroad  log file
[ERROR]: Dumping to /openLANE_flow/designs/picorv32a/runs/29-10_09-04/error.log
[INFO]: Running TritonCTS...
[INFO]: current step index: 21
[INFO]: Clock Tree Synthesis was successful
[INFO]: Changing layout from /openLANE_flow/designs/picorv32a/runs/29-10_09-04/results/placement/picorv32a.placement.def to /openLANE_flow/designs/picorv32a/runs/29-10_09-04/results/cts/picorv32a.cts.def
[INFO]: Writing Verilog...
[INFO]: current step index: 22
[INFO]: Changing netlist from /openLANE_flow/designs/picorv32a/runs/29-10_09-04/results/synthesis/picorv32a.synthesis_cts.v to /openLANE_flow/designs/picorv32a/runs/29-10_09-04/results/synthesis/picorv32a.synthesis_cts.v
[INFO]: Taking a Screenshot of the Layout Using Klayout...
[INFO]: current step index: 23
[INFO]: Screenshot taken.
[WARNING]: A run for picorv32a with tag '29-10_09-04' already exists. Pass -overwrite option to overwrite it
[INFO]: Now you can run commands that pick up where '29-10_09-04' left off
[INFO]: Current run directory is /openLANE_flow/designs/picorv32a/runs/29-10_09-04
[INFO]: Sourcing /openLANE_flow/designs/picorv32a/runs/29-10_09-04/config.tcl
Any changes to the DESIGN config file will NOT be applied
[INFO]: Storing configs into config.tcl ...
[INFO]: Preparation complete
[INFO]: Generating PDN...
[INFO]: current step index: 1
[ERROR]: during executing: "openroad -exit /openLANE_flow/scripts/openroad/or_pdn.tcl |& tee >&@stdout /openLANE_flow/designs/picorv32a/runs/29-10_09-04/logs/floorplan/1-pdn.log"
[ERROR]: Exit code: 1
[ERROR]: Last 10 lines:
child process exited abnormally

[ERROR]: Please check openroad  log file
[ERROR]: Dumping to /openLANE_flow/designs/picorv32a/runs/29-10_09-04/error.log
[INFO]: Calculating Runtime From the Start...
[INFO]: Flow failed for picorv32a/30-10_03-27 in 0h3m37s
[INFO]: Generating Final Summary Report...
[INFO]: Design Name: picorv32a
Run Directory: /openLANE_flow/designs/picorv32a/runs/29-10_09-04
Source not found.
----------------------------------------

LVS Summary:
Source: /openLANE_flow/designs/picorv32a/runs/29-10_09-04/results/lvs/picorv32a.lvs_parsed.gds.log
Source not found.
----------------------------------------

Antenna Summary:
No antenna report found.
[INFO]: check full report here: /openLANE_flow/designs/picorv32a/runs/29-10_09-04/reports/final_summary_report.csv
[ERROR]: Flow Failed.
