0-prep 0h0m2s389ms
2-prep 0h0m2s990ms
3-yosys 0h1m19s406ms
4-opensta 0h0m1s934ms
5-verilog2def_openroad 0h0m2s452ms
6-ioPlacer 0h0m1s490ms
7-replace 0h0m14s866ms
9-verilog2def_openroad 0h0m1s908ms
10-ioPlacer 0h0m2s866ms
11-tapcell 0h0m2s90ms
12-replace 0h0m15s124ms
12-resizer 0h0m12s637ms
13-write_verilog 0h0m1s898ms
14-opensta_post_resizer 0h0m1s574ms
15-opendp 0h0m2s601ms
16-klayout_scrot 0h0m9s523ms
17-cts 0h1m36s781ms
18-write_verilog 0h0m2s152ms
19-klayout_scrot 0h0m6s618ms
21-cts 0h0m48s84ms
22-write_verilog 0h0m1s954ms
23-klayout_scrot 0h0m6s896ms